CRITICAL - 2022-07-04 02:05:18 --> syntax error, unexpected '<<' (T_SL), expecting end of file
#0 C:\xampp\htdocs\UAS\sistem_antrian\ci4\system\CodeIgniter.php(368): CodeIgniter\CodeIgniter->tryToRouteIt(NULL)
#1 C:\xampp\htdocs\UAS\sistem_antrian\ci4\system\CodeIgniter.php(326): CodeIgniter\CodeIgniter->handleRequest(NULL, Object(Config\Cache), false)
#2 C:\xampp\htdocs\UAS\sistem_antrian\ci4\system\CLI\Console.php(48): CodeIgniter\CodeIgniter->run()
#3 C:\xampp\htdocs\UAS\sistem_antrian\ci4\spark(63): CodeIgniter\CLI\Console->run()
#4 {main}
CRITICAL - 2022-07-04 02:08:42 --> syntax error, unexpected '<<' (T_SL), expecting end of file
#0 C:\xampp\htdocs\UAS\sistem_antrian\ci4\system\CodeIgniter.php(368): CodeIgniter\CodeIgniter->tryToRouteIt(NULL)
#1 C:\xampp\htdocs\UAS\sistem_antrian\ci4\system\CodeIgniter.php(326): CodeIgniter\CodeIgniter->handleRequest(NULL, Object(Config\Cache), false)
#2 C:\xampp\htdocs\UAS\sistem_antrian\ci4\system\CLI\Console.php(48): CodeIgniter\CodeIgniter->run()
#3 C:\xampp\htdocs\UAS\sistem_antrian\ci4\spark(63): CodeIgniter\CLI\Console->run()
#4 {main}
CRITICAL - 2022-07-04 02:09:48 --> syntax error, unexpected '<<' (T_SL), expecting end of file
#0 C:\xampp\htdocs\UAS\sistem_antrian\ci4\system\CodeIgniter.php(368): CodeIgniter\CodeIgniter->tryToRouteIt(NULL)
#1 C:\xampp\htdocs\UAS\sistem_antrian\ci4\system\CodeIgniter.php(326): CodeIgniter\CodeIgniter->handleRequest(NULL, Object(Config\Cache), false)
#2 C:\xampp\htdocs\UAS\sistem_antrian\ci4\system\CLI\Console.php(48): CodeIgniter\CodeIgniter->run()
#3 C:\xampp\htdocs\UAS\sistem_antrian\ci4\spark(63): CodeIgniter\CLI\Console->run()
#4 {main}
ERROR - 2022-07-04 03:32:58 --> Cannot add or update a child row: a foreign key constraint fails (`sistem_antrian`.`antrian`, CONSTRAINT `antrian_ibfk_2` FOREIGN KEY (`loket_id`) REFERENCES `loket` (`id`))
CRITICAL - 2022-07-04 03:32:58 --> Cannot add or update a child row: a foreign key constraint fails (`sistem_antrian`.`antrian`, CONSTRAINT `antrian_ibfk_2` FOREIGN KEY (`loket_id`) REFERENCES `loket` (`id`))
#0 C:\xampp\htdocs\UAS\sistem_antrian\ci4\system\Database\MySQLi\Connection.php(292): mysqli->query('INSERT INTO `an...', 0)
#1 C:\xampp\htdocs\UAS\sistem_antrian\ci4\system\Database\BaseConnection.php(670): CodeIgniter\Database\MySQLi\Connection->execute('INSERT INTO `an...')
#2 C:\xampp\htdocs\UAS\sistem_antrian\ci4\system\Database\BaseConnection.php(598): CodeIgniter\Database\BaseConnection->simpleQuery('INSERT INTO `an...')
#3 C:\xampp\htdocs\UAS\sistem_antrian\ci4\system\Database\BaseBuilder.php(1771): CodeIgniter\Database\BaseConnection->query('INSERT INTO `an...', Array, false)
#4 C:\xampp\htdocs\UAS\sistem_antrian\ci4\system\Model.php(239): CodeIgniter\Database\BaseBuilder->insert()
#5 C:\xampp\htdocs\UAS\sistem_antrian\ci4\system\BaseModel.php(738): CodeIgniter\Model->doInsert(Array)
#6 C:\xampp\htdocs\UAS\sistem_antrian\ci4\system\Model.php(625): CodeIgniter\BaseModel->insert(Array, false)
#7 C:\xampp\htdocs\UAS\sistem_antrian\ci4\system\BaseModel.php(658): CodeIgniter\Model->insert(Array, false)
#8 C:\xampp\htdocs\UAS\sistem_antrian\ci4\app\Controllers\Pelayanan.php(58): CodeIgniter\BaseModel->save(Array)
#9 C:\xampp\htdocs\UAS\sistem_antrian\ci4\system\CodeIgniter.php(832): App\Controllers\Pelayanan->simpan()
#10 C:\xampp\htdocs\UAS\sistem_antrian\ci4\system\CodeIgniter.php(419): CodeIgniter\CodeIgniter->runController(Object(App\Controllers\Pelayanan))
#11 C:\xampp\htdocs\UAS\sistem_antrian\ci4\system\CodeIgniter.php(326): CodeIgniter\CodeIgniter->handleRequest(NULL, Object(Config\Cache), false)
#12 C:\xampp\htdocs\UAS\sistem_antrian\ci4\public\index.php(37): CodeIgniter\CodeIgniter->run()
#13 C:\xampp\htdocs\UAS\sistem_antrian\ci4\system\Commands\Server\rewrite.php(43): require_once('C:\\xampp\\htdocs...')
#14 {main}
CRITICAL - 2022-07-04 04:12:07 --> Undefined variable: loket
#0 C:\xampp\htdocs\UAS\sistem_antrian\ci4\app\Views\loket\index.php(41): CodeIgniter\Debug\Exceptions->errorHandler(8, 'Undefined varia...', 'C:\\xampp\\htdocs...', 41, Array)
#1 C:\xampp\htdocs\UAS\sistem_antrian\ci4\system\View\View.php(210): include('C:\\xampp\\htdocs...')
#2 C:\xampp\htdocs\UAS\sistem_antrian\ci4\system\View\View.php(213): CodeIgniter\View\View->CodeIgniter\View\{closure}()
#3 C:\xampp\htdocs\UAS\sistem_antrian\ci4\system\Common.php(1089): CodeIgniter\View\View->render('/loket/index', Array, true)
#4 C:\xampp\htdocs\UAS\sistem_antrian\ci4\app\Controllers\Loket.php(60): view('/loket/index', Array)
#5 C:\xampp\htdocs\UAS\sistem_antrian\ci4\system\CodeIgniter.php(832): App\Controllers\Loket->panggil('1')
#6 C:\xampp\htdocs\UAS\sistem_antrian\ci4\system\CodeIgniter.php(419): CodeIgniter\CodeIgniter->runController(Object(App\Controllers\Loket))
#7 C:\xampp\htdocs\UAS\sistem_antrian\ci4\system\CodeIgniter.php(326): CodeIgniter\CodeIgniter->handleRequest(NULL, Object(Config\Cache), false)
#8 C:\xampp\htdocs\UAS\sistem_antrian\ci4\public\index.php(37): CodeIgniter\CodeIgniter->run()
#9 C:\xampp\htdocs\UAS\sistem_antrian\ci4\system\Commands\Server\rewrite.php(43): require_once('C:\\xampp\\htdocs...')
#10 {main}
ERROR - 2022-07-04 04:18:08 --> Cannot add or update a child row: a foreign key constraint fails (`sistem_antrian`.`loket`, CONSTRAINT `loket_ibfk_1` FOREIGN KEY (`pelayanan_id`) REFERENCES `pelayanan` (`id`))
CRITICAL - 2022-07-04 04:18:08 --> Cannot add or update a child row: a foreign key constraint fails (`sistem_antrian`.`loket`, CONSTRAINT `loket_ibfk_1` FOREIGN KEY (`pelayanan_id`) REFERENCES `pelayanan` (`id`))
#0 C:\xampp\htdocs\UAS\sistem_antrian\ci4\system\Database\MySQLi\Connection.php(292): mysqli->query('INSERT INTO `lo...', 0)
#1 C:\xampp\htdocs\UAS\sistem_antrian\ci4\system\Database\BaseConnection.php(670): CodeIgniter\Database\MySQLi\Connection->execute('INSERT INTO `lo...')
#2 C:\xampp\htdocs\UAS\sistem_antrian\ci4\system\Database\BaseConnection.php(598): CodeIgniter\Database\BaseConnection->simpleQuery('INSERT INTO `lo...')
#3 C:\xampp\htdocs\UAS\sistem_antrian\ci4\system\Database\BaseBuilder.php(1771): CodeIgniter\Database\BaseConnection->query('INSERT INTO `lo...', Array, false)
#4 C:\xampp\htdocs\UAS\sistem_antrian\ci4\system\Model.php(239): CodeIgniter\Database\BaseBuilder->insert()
#5 C:\xampp\htdocs\UAS\sistem_antrian\ci4\system\BaseModel.php(738): CodeIgniter\Model->doInsert(Array)
#6 C:\xampp\htdocs\UAS\sistem_antrian\ci4\system\Model.php(625): CodeIgniter\BaseModel->insert(Array, false)
#7 C:\xampp\htdocs\UAS\sistem_antrian\ci4\system\BaseModel.php(658): CodeIgniter\Model->insert(Array, false)
#8 C:\xampp\htdocs\UAS\sistem_antrian\ci4\app\Controllers\Pelayanan.php(57): CodeIgniter\BaseModel->save(Array)
#9 C:\xampp\htdocs\UAS\sistem_antrian\ci4\system\CodeIgniter.php(832): App\Controllers\Pelayanan->simpan()
#10 C:\xampp\htdocs\UAS\sistem_antrian\ci4\system\CodeIgniter.php(419): CodeIgniter\CodeIgniter->runController(Object(App\Controllers\Pelayanan))
#11 C:\xampp\htdocs\UAS\sistem_antrian\ci4\system\CodeIgniter.php(326): CodeIgniter\CodeIgniter->handleRequest(NULL, Object(Config\Cache), false)
#12 C:\xampp\htdocs\UAS\sistem_antrian\ci4\public\index.php(37): CodeIgniter\CodeIgniter->run()
#13 C:\xampp\htdocs\UAS\sistem_antrian\ci4\system\Commands\Server\rewrite.php(43): require_once('C:\\xampp\\htdocs...')
#14 {main}
ERROR - 2022-07-04 04:21:13 --> Cannot add or update a child row: a foreign key constraint fails (`sistem_antrian`.`loket`, CONSTRAINT `loket_ibfk_1` FOREIGN KEY (`pelayanan_id`) REFERENCES `pelayanan` (`id`))
CRITICAL - 2022-07-04 04:21:13 --> Cannot add or update a child row: a foreign key constraint fails (`sistem_antrian`.`loket`, CONSTRAINT `loket_ibfk_1` FOREIGN KEY (`pelayanan_id`) REFERENCES `pelayanan` (`id`))
#0 C:\xampp\htdocs\UAS\sistem_antrian\ci4\system\Database\MySQLi\Connection.php(292): mysqli->query('INSERT INTO `lo...', 0)
#1 C:\xampp\htdocs\UAS\sistem_antrian\ci4\system\Database\BaseConnection.php(670): CodeIgniter\Database\MySQLi\Connection->execute('INSERT INTO `lo...')
#2 C:\xampp\htdocs\UAS\sistem_antrian\ci4\system\Database\BaseConnection.php(598): CodeIgniter\Database\BaseConnection->simpleQuery('INSERT INTO `lo...')
#3 C:\xampp\htdocs\UAS\sistem_antrian\ci4\system\Database\BaseBuilder.php(1771): CodeIgniter\Database\BaseConnection->query('INSERT INTO `lo...', Array, false)
#4 C:\xampp\htdocs\UAS\sistem_antrian\ci4\system\Model.php(239): CodeIgniter\Database\BaseBuilder->insert()
#5 C:\xampp\htdocs\UAS\sistem_antrian\ci4\system\BaseModel.php(738): CodeIgniter\Model->doInsert(Array)
#6 C:\xampp\htdocs\UAS\sistem_antrian\ci4\system\Model.php(625): CodeIgniter\BaseModel->insert(Array, false)
#7 C:\xampp\htdocs\UAS\sistem_antrian\ci4\system\BaseModel.php(658): CodeIgniter\Model->insert(Array, false)
#8 C:\xampp\htdocs\UAS\sistem_antrian\ci4\app\Controllers\Pelayanan.php(57): CodeIgniter\BaseModel->save(Array)
#9 C:\xampp\htdocs\UAS\sistem_antrian\ci4\system\CodeIgniter.php(832): App\Controllers\Pelayanan->simpan()
#10 C:\xampp\htdocs\UAS\sistem_antrian\ci4\system\CodeIgniter.php(419): CodeIgniter\CodeIgniter->runController(Object(App\Controllers\Pelayanan))
#11 C:\xampp\htdocs\UAS\sistem_antrian\ci4\system\CodeIgniter.php(326): CodeIgniter\CodeIgniter->handleRequest(NULL, Object(Config\Cache), false)
#12 C:\xampp\htdocs\UAS\sistem_antrian\ci4\public\index.php(37): CodeIgniter\CodeIgniter->run()
#13 C:\xampp\htdocs\UAS\sistem_antrian\ci4\system\Commands\Server\rewrite.php(43): require_once('C:\\xampp\\htdocs...')
#14 {main}
ERROR - 2022-07-04 04:22:17 --> Cannot add or update a child row: a foreign key constraint fails (`sistem_antrian`.`antrian`, CONSTRAINT `antrian_ibfk_2` FOREIGN KEY (`loket_id`) REFERENCES `loket` (`id`))
CRITICAL - 2022-07-04 04:22:17 --> Cannot add or update a child row: a foreign key constraint fails (`sistem_antrian`.`antrian`, CONSTRAINT `antrian_ibfk_2` FOREIGN KEY (`loket_id`) REFERENCES `loket` (`id`))
#0 C:\xampp\htdocs\UAS\sistem_antrian\ci4\system\Database\MySQLi\Connection.php(292): mysqli->query('INSERT INTO `an...', 0)
#1 C:\xampp\htdocs\UAS\sistem_antrian\ci4\system\Database\BaseConnection.php(670): CodeIgniter\Database\MySQLi\Connection->execute('INSERT INTO `an...')
#2 C:\xampp\htdocs\UAS\sistem_antrian\ci4\system\Database\BaseConnection.php(598): CodeIgniter\Database\BaseConnection->simpleQuery('INSERT INTO `an...')
#3 C:\xampp\htdocs\UAS\sistem_antrian\ci4\system\Database\BaseBuilder.php(1771): CodeIgniter\Database\BaseConnection->query('INSERT INTO `an...', Array, false)
#4 C:\xampp\htdocs\UAS\sistem_antrian\ci4\system\Model.php(239): CodeIgniter\Database\BaseBuilder->insert()
#5 C:\xampp\htdocs\UAS\sistem_antrian\ci4\system\BaseModel.php(738): CodeIgniter\Model->doInsert(Array)
#6 C:\xampp\htdocs\UAS\sistem_antrian\ci4\system\Model.php(625): CodeIgniter\BaseModel->insert(Array, false)
#7 C:\xampp\htdocs\UAS\sistem_antrian\ci4\system\BaseModel.php(658): CodeIgniter\Model->insert(Array, false)
#8 C:\xampp\htdocs\UAS\sistem_antrian\ci4\app\Controllers\Pelayanan.php(58): CodeIgniter\BaseModel->save(Array)
#9 C:\xampp\htdocs\UAS\sistem_antrian\ci4\system\CodeIgniter.php(832): App\Controllers\Pelayanan->simpan()
#10 C:\xampp\htdocs\UAS\sistem_antrian\ci4\system\CodeIgniter.php(419): CodeIgniter\CodeIgniter->runController(Object(App\Controllers\Pelayanan))
#11 C:\xampp\htdocs\UAS\sistem_antrian\ci4\system\CodeIgniter.php(326): CodeIgniter\CodeIgniter->handleRequest(NULL, Object(Config\Cache), false)
#12 C:\xampp\htdocs\UAS\sistem_antrian\ci4\public\index.php(37): CodeIgniter\CodeIgniter->run()
#13 C:\xampp\htdocs\UAS\sistem_antrian\ci4\system\Commands\Server\rewrite.php(43): require_once('C:\\xampp\\htdocs...')
#14 {main}
ERROR - 2022-07-04 04:23:30 --> Cannot add or update a child row: a foreign key constraint fails (`sistem_antrian`.`antrian`, CONSTRAINT `antrian_ibfk_2` FOREIGN KEY (`loket_id`) REFERENCES `loket` (`id`))
CRITICAL - 2022-07-04 04:23:30 --> Cannot add or update a child row: a foreign key constraint fails (`sistem_antrian`.`antrian`, CONSTRAINT `antrian_ibfk_2` FOREIGN KEY (`loket_id`) REFERENCES `loket` (`id`))
#0 C:\xampp\htdocs\UAS\sistem_antrian\ci4\system\Database\MySQLi\Connection.php(292): mysqli->query('INSERT INTO `an...', 0)
#1 C:\xampp\htdocs\UAS\sistem_antrian\ci4\system\Database\BaseConnection.php(670): CodeIgniter\Database\MySQLi\Connection->execute('INSERT INTO `an...')
#2 C:\xampp\htdocs\UAS\sistem_antrian\ci4\system\Database\BaseConnection.php(598): CodeIgniter\Database\BaseConnection->simpleQuery('INSERT INTO `an...')
#3 C:\xampp\htdocs\UAS\sistem_antrian\ci4\system\Database\BaseBuilder.php(1771): CodeIgniter\Database\BaseConnection->query('INSERT INTO `an...', Array, false)
#4 C:\xampp\htdocs\UAS\sistem_antrian\ci4\system\Model.php(239): CodeIgniter\Database\BaseBuilder->insert()
#5 C:\xampp\htdocs\UAS\sistem_antrian\ci4\system\BaseModel.php(738): CodeIgniter\Model->doInsert(Array)
#6 C:\xampp\htdocs\UAS\sistem_antrian\ci4\system\Model.php(625): CodeIgniter\BaseModel->insert(Array, false)
#7 C:\xampp\htdocs\UAS\sistem_antrian\ci4\system\BaseModel.php(658): CodeIgniter\Model->insert(Array, false)
#8 C:\xampp\htdocs\UAS\sistem_antrian\ci4\app\Controllers\Pelayanan.php(58): CodeIgniter\BaseModel->save(Array)
#9 C:\xampp\htdocs\UAS\sistem_antrian\ci4\system\CodeIgniter.php(832): App\Controllers\Pelayanan->simpan()
#10 C:\xampp\htdocs\UAS\sistem_antrian\ci4\system\CodeIgniter.php(419): CodeIgniter\CodeIgniter->runController(Object(App\Controllers\Pelayanan))
#11 C:\xampp\htdocs\UAS\sistem_antrian\ci4\system\CodeIgniter.php(326): CodeIgniter\CodeIgniter->handleRequest(NULL, Object(Config\Cache), false)
#12 C:\xampp\htdocs\UAS\sistem_antrian\ci4\public\index.php(37): CodeIgniter\CodeIgniter->run()
#13 C:\xampp\htdocs\UAS\sistem_antrian\ci4\system\Commands\Server\rewrite.php(43): require_once('C:\\xampp\\htdocs...')
#14 {main}
ERROR - 2022-07-04 04:23:37 --> Cannot add or update a child row: a foreign key constraint fails (`sistem_antrian`.`antrian`, CONSTRAINT `antrian_ibfk_2` FOREIGN KEY (`loket_id`) REFERENCES `loket` (`id`))
CRITICAL - 2022-07-04 04:23:37 --> Cannot add or update a child row: a foreign key constraint fails (`sistem_antrian`.`antrian`, CONSTRAINT `antrian_ibfk_2` FOREIGN KEY (`loket_id`) REFERENCES `loket` (`id`))
#0 C:\xampp\htdocs\UAS\sistem_antrian\ci4\system\Database\MySQLi\Connection.php(292): mysqli->query('INSERT INTO `an...', 0)
#1 C:\xampp\htdocs\UAS\sistem_antrian\ci4\system\Database\BaseConnection.php(670): CodeIgniter\Database\MySQLi\Connection->execute('INSERT INTO `an...')
#2 C:\xampp\htdocs\UAS\sistem_antrian\ci4\system\Database\BaseConnection.php(598): CodeIgniter\Database\BaseConnection->simpleQuery('INSERT INTO `an...')
#3 C:\xampp\htdocs\UAS\sistem_antrian\ci4\system\Database\BaseBuilder.php(1771): CodeIgniter\Database\BaseConnection->query('INSERT INTO `an...', Array, false)
#4 C:\xampp\htdocs\UAS\sistem_antrian\ci4\system\Model.php(239): CodeIgniter\Database\BaseBuilder->insert()
#5 C:\xampp\htdocs\UAS\sistem_antrian\ci4\system\BaseModel.php(738): CodeIgniter\Model->doInsert(Array)
#6 C:\xampp\htdocs\UAS\sistem_antrian\ci4\system\Model.php(625): CodeIgniter\BaseModel->insert(Array, false)
#7 C:\xampp\htdocs\UAS\sistem_antrian\ci4\system\BaseModel.php(658): CodeIgniter\Model->insert(Array, false)
#8 C:\xampp\htdocs\UAS\sistem_antrian\ci4\app\Controllers\Pelayanan.php(58): CodeIgniter\BaseModel->save(Array)
#9 C:\xampp\htdocs\UAS\sistem_antrian\ci4\system\CodeIgniter.php(832): App\Controllers\Pelayanan->simpan()
#10 C:\xampp\htdocs\UAS\sistem_antrian\ci4\system\CodeIgniter.php(419): CodeIgniter\CodeIgniter->runController(Object(App\Controllers\Pelayanan))
#11 C:\xampp\htdocs\UAS\sistem_antrian\ci4\system\CodeIgniter.php(326): CodeIgniter\CodeIgniter->handleRequest(NULL, Object(Config\Cache), false)
#12 C:\xampp\htdocs\UAS\sistem_antrian\ci4\public\index.php(37): CodeIgniter\CodeIgniter->run()
#13 C:\xampp\htdocs\UAS\sistem_antrian\ci4\system\Commands\Server\rewrite.php(43): require_once('C:\\xampp\\htdocs...')
#14 {main}
ERROR - 2022-07-04 04:36:16 --> Cannot add or update a child row: a foreign key constraint fails (`antrian`.`loket`, CONSTRAINT `loket_ibfk_1` FOREIGN KEY (`pelayanan_id`) REFERENCES `pelayanan` (`id`))
CRITICAL - 2022-07-04 04:36:16 --> Cannot add or update a child row: a foreign key constraint fails (`antrian`.`loket`, CONSTRAINT `loket_ibfk_1` FOREIGN KEY (`pelayanan_id`) REFERENCES `pelayanan` (`id`))
#0 C:\xampp\htdocs\UAS\sistem_antrian\ci4\system\Database\MySQLi\Connection.php(292): mysqli->query('INSERT INTO `lo...', 0)
#1 C:\xampp\htdocs\UAS\sistem_antrian\ci4\system\Database\BaseConnection.php(670): CodeIgniter\Database\MySQLi\Connection->execute('INSERT INTO `lo...')
#2 C:\xampp\htdocs\UAS\sistem_antrian\ci4\system\Database\BaseConnection.php(598): CodeIgniter\Database\BaseConnection->simpleQuery('INSERT INTO `lo...')
#3 C:\xampp\htdocs\UAS\sistem_antrian\ci4\system\Database\BaseBuilder.php(1771): CodeIgniter\Database\BaseConnection->query('INSERT INTO `lo...', Array, false)
#4 C:\xampp\htdocs\UAS\sistem_antrian\ci4\system\Model.php(239): CodeIgniter\Database\BaseBuilder->insert()
#5 C:\xampp\htdocs\UAS\sistem_antrian\ci4\system\BaseModel.php(738): CodeIgniter\Model->doInsert(Array)
#6 C:\xampp\htdocs\UAS\sistem_antrian\ci4\system\Model.php(625): CodeIgniter\BaseModel->insert(Array, false)
#7 C:\xampp\htdocs\UAS\sistem_antrian\ci4\system\BaseModel.php(658): CodeIgniter\Model->insert(Array, false)
#8 C:\xampp\htdocs\UAS\sistem_antrian\ci4\app\Controllers\Pelayanan.php(57): CodeIgniter\BaseModel->save(Array)
#9 C:\xampp\htdocs\UAS\sistem_antrian\ci4\system\CodeIgniter.php(832): App\Controllers\Pelayanan->simpan()
#10 C:\xampp\htdocs\UAS\sistem_antrian\ci4\system\CodeIgniter.php(419): CodeIgniter\CodeIgniter->runController(Object(App\Controllers\Pelayanan))
#11 C:\xampp\htdocs\UAS\sistem_antrian\ci4\system\CodeIgniter.php(326): CodeIgniter\CodeIgniter->handleRequest(NULL, Object(Config\Cache), false)
#12 C:\xampp\htdocs\UAS\sistem_antrian\ci4\public\index.php(37): CodeIgniter\CodeIgniter->run()
#13 C:\xampp\htdocs\UAS\sistem_antrian\ci4\system\Commands\Server\rewrite.php(43): require_once('C:\\xampp\\htdocs...')
#14 {main}
CRITICAL - 2022-07-04 05:57:32 --> Undefined variable: no
#0 C:\xampp\htdocs\UAS\sistem_antrian\ci4\app\Models\PelayananModel.php(56): CodeIgniter\Debug\Exceptions->errorHandler(8, 'Undefined varia...', 'C:\\xampp\\htdocs...', 56, Array)
#1 C:\xampp\htdocs\UAS\sistem_antrian\ci4\app\Controllers\Pelayanan.php(26): App\Models\PelayananModel->id()
#2 C:\xampp\htdocs\UAS\sistem_antrian\ci4\system\CodeIgniter.php(832): App\Controllers\Pelayanan->daftar()
#3 C:\xampp\htdocs\UAS\sistem_antrian\ci4\system\CodeIgniter.php(419): CodeIgniter\CodeIgniter->runController(Object(App\Controllers\Pelayanan))
#4 C:\xampp\htdocs\UAS\sistem_antrian\ci4\system\CodeIgniter.php(326): CodeIgniter\CodeIgniter->handleRequest(NULL, Object(Config\Cache), false)
#5 C:\xampp\htdocs\UAS\sistem_antrian\ci4\public\index.php(37): CodeIgniter\CodeIgniter->run()
#6 C:\xampp\htdocs\UAS\sistem_antrian\ci4\system\Commands\Server\rewrite.php(43): require_once('C:\\xampp\\htdocs...')
#7 {main}
CRITICAL - 2022-07-04 05:58:21 --> Undefined variable: no
#0 C:\xampp\htdocs\UAS\sistem_antrian\ci4\app\Models\PelayananModel.php(56): CodeIgniter\Debug\Exceptions->errorHandler(8, 'Undefined varia...', 'C:\\xampp\\htdocs...', 56, Array)
#1 C:\xampp\htdocs\UAS\sistem_antrian\ci4\app\Controllers\Pelayanan.php(26): App\Models\PelayananModel->id()
#2 C:\xampp\htdocs\UAS\sistem_antrian\ci4\system\CodeIgniter.php(832): App\Controllers\Pelayanan->daftar()
#3 C:\xampp\htdocs\UAS\sistem_antrian\ci4\system\CodeIgniter.php(419): CodeIgniter\CodeIgniter->runController(Object(App\Controllers\Pelayanan))
#4 C:\xampp\htdocs\UAS\sistem_antrian\ci4\system\CodeIgniter.php(326): CodeIgniter\CodeIgniter->handleRequest(NULL, Object(Config\Cache), false)
#5 C:\xampp\htdocs\UAS\sistem_antrian\ci4\public\index.php(37): CodeIgniter\CodeIgniter->run()
#6 C:\xampp\htdocs\UAS\sistem_antrian\ci4\system\Commands\Server\rewrite.php(43): require_once('C:\\xampp\\htdocs...')
#7 {main}
CRITICAL - 2022-07-04 05:58:42 --> Undefined variable: no
#0 C:\xampp\htdocs\UAS\sistem_antrian\ci4\app\Models\PelayananModel.php(56): CodeIgniter\Debug\Exceptions->errorHandler(8, 'Undefined varia...', 'C:\\xampp\\htdocs...', 56, Array)
#1 C:\xampp\htdocs\UAS\sistem_antrian\ci4\app\Controllers\Pelayanan.php(26): App\Models\PelayananModel->id()
#2 C:\xampp\htdocs\UAS\sistem_antrian\ci4\system\CodeIgniter.php(832): App\Controllers\Pelayanan->daftar()
#3 C:\xampp\htdocs\UAS\sistem_antrian\ci4\system\CodeIgniter.php(419): CodeIgniter\CodeIgniter->runController(Object(App\Controllers\Pelayanan))
#4 C:\xampp\htdocs\UAS\sistem_antrian\ci4\system\CodeIgniter.php(326): CodeIgniter\CodeIgniter->handleRequest(NULL, Object(Config\Cache), false)
#5 C:\xampp\htdocs\UAS\sistem_antrian\ci4\public\index.php(37): CodeIgniter\CodeIgniter->run()
#6 C:\xampp\htdocs\UAS\sistem_antrian\ci4\system\Commands\Server\rewrite.php(43): require_once('C:\\xampp\\htdocs...')
#7 {main}
CRITICAL - 2022-07-04 06:02:04 --> Maximum execution time of 60 seconds exceeded
#0 [internal function]: CodeIgniter\Debug\Exceptions->shutdownHandler()
#1 {main}
CRITICAL - 2022-07-04 06:03:04 --> Maximum execution time of 60 seconds exceeded
#0 [internal function]: CodeIgniter\Debug\Exceptions->shutdownHandler()
#1 {main}
CRITICAL - 2022-07-04 06:04:04 --> Maximum execution time of 60 seconds exceeded
#0 [internal function]: CodeIgniter\Debug\Exceptions->shutdownHandler()
#1 {main}
CRITICAL - 2022-07-04 06:05:04 --> Maximum execution time of 60 seconds exceeded
#0 [internal function]: CodeIgniter\Debug\Exceptions->shutdownHandler()
#1 {main}
CRITICAL - 2022-07-04 06:06:33 --> Maximum execution time of 60 seconds exceeded
#0 [internal function]: CodeIgniter\Debug\Exceptions->shutdownHandler()
#1 {main}
CRITICAL - 2022-07-04 06:06:55 --> Array to string conversion
#0 C:\xampp\htdocs\UAS\sistem_antrian\ci4\app\Views\pelayanan\daftar_layanan.php(33): CodeIgniter\Debug\Exceptions->errorHandler(8, 'Array to string...', 'C:\\xampp\\htdocs...', 33, Array)
#1 C:\xampp\htdocs\UAS\sistem_antrian\ci4\system\View\View.php(210): include('C:\\xampp\\htdocs...')
#2 C:\xampp\htdocs\UAS\sistem_antrian\ci4\system\View\View.php(213): CodeIgniter\View\View->CodeIgniter\View\{closure}()
#3 C:\xampp\htdocs\UAS\sistem_antrian\ci4\system\Common.php(1089): CodeIgniter\View\View->render('/pelayanan/daft...', Array, true)
#4 C:\xampp\htdocs\UAS\sistem_antrian\ci4\app\Controllers\Pelayanan.php(35): view('/pelayanan/daft...', Array)
#5 C:\xampp\htdocs\UAS\sistem_antrian\ci4\system\CodeIgniter.php(832): App\Controllers\Pelayanan->daftar()
#6 C:\xampp\htdocs\UAS\sistem_antrian\ci4\system\CodeIgniter.php(419): CodeIgniter\CodeIgniter->runController(Object(App\Controllers\Pelayanan))
#7 C:\xampp\htdocs\UAS\sistem_antrian\ci4\system\CodeIgniter.php(326): CodeIgniter\CodeIgniter->handleRequest(NULL, Object(Config\Cache), false)
#8 C:\xampp\htdocs\UAS\sistem_antrian\ci4\public\index.php(37): CodeIgniter\CodeIgniter->run()
#9 C:\xampp\htdocs\UAS\sistem_antrian\ci4\system\Commands\Server\rewrite.php(43): require_once('C:\\xampp\\htdocs...')
#10 {main}
ERROR - 2022-07-04 06:07:47 --> Cannot add or update a child row: a foreign key constraint fails (`sistem_antrian`.`loket`, CONSTRAINT `loket_ibfk_1` FOREIGN KEY (`pelayanan_id`) REFERENCES `pelayanan` (`id`))
CRITICAL - 2022-07-04 06:07:47 --> Cannot add or update a child row: a foreign key constraint fails (`sistem_antrian`.`loket`, CONSTRAINT `loket_ibfk_1` FOREIGN KEY (`pelayanan_id`) REFERENCES `pelayanan` (`id`))
#0 C:\xampp\htdocs\UAS\sistem_antrian\ci4\system\Database\MySQLi\Connection.php(292): mysqli->query('INSERT INTO `lo...', 0)
#1 C:\xampp\htdocs\UAS\sistem_antrian\ci4\system\Database\BaseConnection.php(670): CodeIgniter\Database\MySQLi\Connection->execute('INSERT INTO `lo...')
#2 C:\xampp\htdocs\UAS\sistem_antrian\ci4\system\Database\BaseConnection.php(598): CodeIgniter\Database\BaseConnection->simpleQuery('INSERT INTO `lo...')
#3 C:\xampp\htdocs\UAS\sistem_antrian\ci4\system\Database\BaseBuilder.php(1771): CodeIgniter\Database\BaseConnection->query('INSERT INTO `lo...', Array, false)
#4 C:\xampp\htdocs\UAS\sistem_antrian\ci4\system\Model.php(239): CodeIgniter\Database\BaseBuilder->insert()
#5 C:\xampp\htdocs\UAS\sistem_antrian\ci4\system\BaseModel.php(738): CodeIgniter\Model->doInsert(Array)
#6 C:\xampp\htdocs\UAS\sistem_antrian\ci4\system\Model.php(625): CodeIgniter\BaseModel->insert(Array, false)
#7 C:\xampp\htdocs\UAS\sistem_antrian\ci4\system\BaseModel.php(658): CodeIgniter\Model->insert(Array, false)
#8 C:\xampp\htdocs\UAS\sistem_antrian\ci4\app\Controllers\Pelayanan.php(58): CodeIgniter\BaseModel->save(Array)
#9 C:\xampp\htdocs\UAS\sistem_antrian\ci4\system\CodeIgniter.php(832): App\Controllers\Pelayanan->simpan()
#10 C:\xampp\htdocs\UAS\sistem_antrian\ci4\system\CodeIgniter.php(419): CodeIgniter\CodeIgniter->runController(Object(App\Controllers\Pelayanan))
#11 C:\xampp\htdocs\UAS\sistem_antrian\ci4\system\CodeIgniter.php(326): CodeIgniter\CodeIgniter->handleRequest(NULL, Object(Config\Cache), false)
#12 C:\xampp\htdocs\UAS\sistem_antrian\ci4\public\index.php(37): CodeIgniter\CodeIgniter->run()
#13 C:\xampp\htdocs\UAS\sistem_antrian\ci4\system\Commands\Server\rewrite.php(43): require_once('C:\\xampp\\htdocs...')
#14 {main}
CRITICAL - 2022-07-04 06:13:56 --> Trying to access array offset on value of type null
#0 C:\xampp\htdocs\UAS\sistem_antrian\ci4\app\Models\PelayananModel.php(53): CodeIgniter\Debug\Exceptions->errorHandler(8, 'Trying to acces...', 'C:\\xampp\\htdocs...', 53, Array)
#1 C:\xampp\htdocs\UAS\sistem_antrian\ci4\app\Controllers\Pelayanan.php(26): App\Models\PelayananModel->id()
#2 C:\xampp\htdocs\UAS\sistem_antrian\ci4\system\CodeIgniter.php(832): App\Controllers\Pelayanan->daftar()
#3 C:\xampp\htdocs\UAS\sistem_antrian\ci4\system\CodeIgniter.php(419): CodeIgniter\CodeIgniter->runController(Object(App\Controllers\Pelayanan))
#4 C:\xampp\htdocs\UAS\sistem_antrian\ci4\system\CodeIgniter.php(326): CodeIgniter\CodeIgniter->handleRequest(NULL, Object(Config\Cache), false)
#5 C:\xampp\htdocs\UAS\sistem_antrian\ci4\public\index.php(37): CodeIgniter\CodeIgniter->run()
#6 C:\xampp\htdocs\UAS\sistem_antrian\ci4\system\Commands\Server\rewrite.php(43): require_once('C:\\xampp\\htdocs...')
#7 {main}
ERROR - 2022-07-04 21:46:04 --> Cannot add or update a child row: a foreign key constraint fails (`sistem_antrian`.`loket`, CONSTRAINT `loket_ibfk_1` FOREIGN KEY (`pelayanan_id`) REFERENCES `pelayanan` (`id`))
CRITICAL - 2022-07-04 21:46:04 --> Cannot add or update a child row: a foreign key constraint fails (`sistem_antrian`.`loket`, CONSTRAINT `loket_ibfk_1` FOREIGN KEY (`pelayanan_id`) REFERENCES `pelayanan` (`id`))
#0 C:\xampp\htdocs\UAS\sistem_antrian\ci4\system\Database\MySQLi\Connection.php(292): mysqli->query('INSERT INTO `lo...', 0)
#1 C:\xampp\htdocs\UAS\sistem_antrian\ci4\system\Database\BaseConnection.php(670): CodeIgniter\Database\MySQLi\Connection->execute('INSERT INTO `lo...')
#2 C:\xampp\htdocs\UAS\sistem_antrian\ci4\system\Database\BaseConnection.php(598): CodeIgniter\Database\BaseConnection->simpleQuery('INSERT INTO `lo...')
#3 C:\xampp\htdocs\UAS\sistem_antrian\ci4\system\Database\BaseBuilder.php(1771): CodeIgniter\Database\BaseConnection->query('INSERT INTO `lo...', Array, false)
#4 C:\xampp\htdocs\UAS\sistem_antrian\ci4\system\Model.php(239): CodeIgniter\Database\BaseBuilder->insert()
#5 C:\xampp\htdocs\UAS\sistem_antrian\ci4\system\BaseModel.php(738): CodeIgniter\Model->doInsert(Array)
#6 C:\xampp\htdocs\UAS\sistem_antrian\ci4\system\Model.php(625): CodeIgniter\BaseModel->insert(Array, false)
#7 C:\xampp\htdocs\UAS\sistem_antrian\ci4\system\BaseModel.php(658): CodeIgniter\Model->insert(Array, false)
#8 C:\xampp\htdocs\UAS\sistem_antrian\ci4\app\Controllers\Pelayanan.php(58): CodeIgniter\BaseModel->save(Array)
#9 C:\xampp\htdocs\UAS\sistem_antrian\ci4\system\CodeIgniter.php(832): App\Controllers\Pelayanan->simpan()
#10 C:\xampp\htdocs\UAS\sistem_antrian\ci4\system\CodeIgniter.php(419): CodeIgniter\CodeIgniter->runController(Object(App\Controllers\Pelayanan))
#11 C:\xampp\htdocs\UAS\sistem_antrian\ci4\system\CodeIgniter.php(326): CodeIgniter\CodeIgniter->handleRequest(NULL, Object(Config\Cache), false)
#12 C:\xampp\htdocs\UAS\sistem_antrian\ci4\public\index.php(37): CodeIgniter\CodeIgniter->run()
#13 C:\xampp\htdocs\UAS\sistem_antrian\ci4\system\Commands\Server\rewrite.php(43): require_once('C:\\xampp\\htdocs...')
#14 {main}
ERROR - 2022-07-04 21:47:57 --> Cannot add or update a child row: a foreign key constraint fails (`sistem_antrian`.`loket`, CONSTRAINT `loket_ibfk_1` FOREIGN KEY (`pelayanan_id`) REFERENCES `pelayanan` (`id`))
CRITICAL - 2022-07-04 21:47:57 --> Cannot add or update a child row: a foreign key constraint fails (`sistem_antrian`.`loket`, CONSTRAINT `loket_ibfk_1` FOREIGN KEY (`pelayanan_id`) REFERENCES `pelayanan` (`id`))
#0 C:\xampp\htdocs\UAS\sistem_antrian\ci4\system\Database\MySQLi\Connection.php(292): mysqli->query('INSERT INTO `lo...', 0)
#1 C:\xampp\htdocs\UAS\sistem_antrian\ci4\system\Database\BaseConnection.php(670): CodeIgniter\Database\MySQLi\Connection->execute('INSERT INTO `lo...')
#2 C:\xampp\htdocs\UAS\sistem_antrian\ci4\system\Database\BaseConnection.php(598): CodeIgniter\Database\BaseConnection->simpleQuery('INSERT INTO `lo...')
#3 C:\xampp\htdocs\UAS\sistem_antrian\ci4\system\Database\BaseBuilder.php(1771): CodeIgniter\Database\BaseConnection->query('INSERT INTO `lo...', Array, false)
#4 C:\xampp\htdocs\UAS\sistem_antrian\ci4\system\Model.php(239): CodeIgniter\Database\BaseBuilder->insert()
#5 C:\xampp\htdocs\UAS\sistem_antrian\ci4\system\BaseModel.php(738): CodeIgniter\Model->doInsert(Array)
#6 C:\xampp\htdocs\UAS\sistem_antrian\ci4\system\Model.php(625): CodeIgniter\BaseModel->insert(Array, false)
#7 C:\xampp\htdocs\UAS\sistem_antrian\ci4\system\BaseModel.php(658): CodeIgniter\Model->insert(Array, false)
#8 C:\xampp\htdocs\UAS\sistem_antrian\ci4\app\Controllers\Pelayanan.php(58): CodeIgniter\BaseModel->save(Array)
#9 C:\xampp\htdocs\UAS\sistem_antrian\ci4\system\CodeIgniter.php(832): App\Controllers\Pelayanan->simpan()
#10 C:\xampp\htdocs\UAS\sistem_antrian\ci4\system\CodeIgniter.php(419): CodeIgniter\CodeIgniter->runController(Object(App\Controllers\Pelayanan))
#11 C:\xampp\htdocs\UAS\sistem_antrian\ci4\system\CodeIgniter.php(326): CodeIgniter\CodeIgniter->handleRequest(NULL, Object(Config\Cache), false)
#12 C:\xampp\htdocs\UAS\sistem_antrian\ci4\public\index.php(37): CodeIgniter\CodeIgniter->run()
#13 C:\xampp\htdocs\UAS\sistem_antrian\ci4\system\Commands\Server\rewrite.php(43): require_once('C:\\xampp\\htdocs...')
#14 {main}
CRITICAL - 2022-07-04 22:28:50 --> Undefined variable: pelayanan
#0 C:\xampp\htdocs\UAS\sistem_antrian\ci4\app\Views\index.php(13): CodeIgniter\Debug\Exceptions->errorHandler(8, 'Undefined varia...', 'C:\\xampp\\htdocs...', 13, Array)
#1 C:\xampp\htdocs\UAS\sistem_antrian\ci4\system\View\View.php(210): include('C:\\xampp\\htdocs...')
#2 C:\xampp\htdocs\UAS\sistem_antrian\ci4\system\View\View.php(213): CodeIgniter\View\View->CodeIgniter\View\{closure}()
#3 C:\xampp\htdocs\UAS\sistem_antrian\ci4\system\Common.php(1089): CodeIgniter\View\View->render('index', Array, true)
#4 C:\xampp\htdocs\UAS\sistem_antrian\ci4\app\Controllers\Home.php(22): view('index', Array)
#5 C:\xampp\htdocs\UAS\sistem_antrian\ci4\system\CodeIgniter.php(832): App\Controllers\Home->index()
#6 C:\xampp\htdocs\UAS\sistem_antrian\ci4\system\CodeIgniter.php(419): CodeIgniter\CodeIgniter->runController(Object(App\Controllers\Home))
#7 C:\xampp\htdocs\UAS\sistem_antrian\ci4\system\CodeIgniter.php(326): CodeIgniter\CodeIgniter->handleRequest(NULL, Object(Config\Cache), false)
#8 C:\xampp\htdocs\UAS\sistem_antrian\ci4\public\index.php(37): CodeIgniter\CodeIgniter->run()
#9 C:\xampp\htdocs\UAS\sistem_antrian\ci4\system\Commands\Server\rewrite.php(43): require_once('C:\\xampp\\htdocs...')
#10 {main}
CRITICAL - 2022-07-04 22:28:55 --> Undefined variable: pelayanan
#0 C:\xampp\htdocs\UAS\sistem_antrian\ci4\app\Views\index.php(13): CodeIgniter\Debug\Exceptions->errorHandler(8, 'Undefined varia...', 'C:\\xampp\\htdocs...', 13, Array)
#1 C:\xampp\htdocs\UAS\sistem_antrian\ci4\system\View\View.php(210): include('C:\\xampp\\htdocs...')
#2 C:\xampp\htdocs\UAS\sistem_antrian\ci4\system\View\View.php(213): CodeIgniter\View\View->CodeIgniter\View\{closure}()
#3 C:\xampp\htdocs\UAS\sistem_antrian\ci4\system\Common.php(1089): CodeIgniter\View\View->render('index', Array, true)
#4 C:\xampp\htdocs\UAS\sistem_antrian\ci4\app\Controllers\Home.php(22): view('index', Array)
#5 C:\xampp\htdocs\UAS\sistem_antrian\ci4\system\CodeIgniter.php(832): App\Controllers\Home->index()
#6 C:\xampp\htdocs\UAS\sistem_antrian\ci4\system\CodeIgniter.php(419): CodeIgniter\CodeIgniter->runController(Object(App\Controllers\Home))
#7 C:\xampp\htdocs\UAS\sistem_antrian\ci4\system\CodeIgniter.php(326): CodeIgniter\CodeIgniter->handleRequest(NULL, Object(Config\Cache), false)
#8 C:\xampp\htdocs\UAS\sistem_antrian\ci4\public\index.php(37): CodeIgniter\CodeIgniter->run()
#9 C:\xampp\htdocs\UAS\sistem_antrian\ci4\system\Commands\Server\rewrite.php(43): require_once('C:\\xampp\\htdocs...')
#10 {main}
CRITICAL - 2022-07-04 22:33:47 --> Undefined variable: antrian
#0 C:\xampp\htdocs\UAS\sistem_antrian\ci4\app\Views\loket\ambil_loket.php(32): CodeIgniter\Debug\Exceptions->errorHandler(8, 'Undefined varia...', 'C:\\xampp\\htdocs...', 32, Array)
#1 C:\xampp\htdocs\UAS\sistem_antrian\ci4\system\View\View.php(210): include('C:\\xampp\\htdocs...')
#2 C:\xampp\htdocs\UAS\sistem_antrian\ci4\system\View\View.php(213): CodeIgniter\View\View->CodeIgniter\View\{closure}()
#3 C:\xampp\htdocs\UAS\sistem_antrian\ci4\system\Common.php(1089): CodeIgniter\View\View->render('/loket/ambil_lo...', Array, true)
#4 C:\xampp\htdocs\UAS\sistem_antrian\ci4\app\Controllers\Loket.php(60): view('/loket/ambil_lo...', Array)
#5 C:\xampp\htdocs\UAS\sistem_antrian\ci4\system\CodeIgniter.php(832): App\Controllers\Loket->panggil('1')
#6 C:\xampp\htdocs\UAS\sistem_antrian\ci4\system\CodeIgniter.php(419): CodeIgniter\CodeIgniter->runController(Object(App\Controllers\Loket))
#7 C:\xampp\htdocs\UAS\sistem_antrian\ci4\system\CodeIgniter.php(326): CodeIgniter\CodeIgniter->handleRequest(NULL, Object(Config\Cache), false)
#8 C:\xampp\htdocs\UAS\sistem_antrian\ci4\public\index.php(37): CodeIgniter\CodeIgniter->run()
#9 C:\xampp\htdocs\UAS\sistem_antrian\ci4\system\Commands\Server\rewrite.php(43): require_once('C:\\xampp\\htdocs...')
#10 {main}
CRITICAL - 2022-07-04 22:33:50 --> Undefined variable: antrian
#0 C:\xampp\htdocs\UAS\sistem_antrian\ci4\app\Views\loket\ambil_loket.php(32): CodeIgniter\Debug\Exceptions->errorHandler(8, 'Undefined varia...', 'C:\\xampp\\htdocs...', 32, Array)
#1 C:\xampp\htdocs\UAS\sistem_antrian\ci4\system\View\View.php(210): include('C:\\xampp\\htdocs...')
#2 C:\xampp\htdocs\UAS\sistem_antrian\ci4\system\View\View.php(213): CodeIgniter\View\View->CodeIgniter\View\{closure}()
#3 C:\xampp\htdocs\UAS\sistem_antrian\ci4\system\Common.php(1089): CodeIgniter\View\View->render('/loket/ambil_lo...', Array, true)
#4 C:\xampp\htdocs\UAS\sistem_antrian\ci4\app\Controllers\Loket.php(60): view('/loket/ambil_lo...', Array)
#5 C:\xampp\htdocs\UAS\sistem_antrian\ci4\system\CodeIgniter.php(832): App\Controllers\Loket->panggil('1')
#6 C:\xampp\htdocs\UAS\sistem_antrian\ci4\system\CodeIgniter.php(419): CodeIgniter\CodeIgniter->runController(Object(App\Controllers\Loket))
#7 C:\xampp\htdocs\UAS\sistem_antrian\ci4\system\CodeIgniter.php(326): CodeIgniter\CodeIgniter->handleRequest(NULL, Object(Config\Cache), false)
#8 C:\xampp\htdocs\UAS\sistem_antrian\ci4\public\index.php(37): CodeIgniter\CodeIgniter->run()
#9 C:\xampp\htdocs\UAS\sistem_antrian\ci4\system\Commands\Server\rewrite.php(43): require_once('C:\\xampp\\htdocs...')
#10 {main}
CRITICAL - 2022-07-04 22:33:55 --> Undefined variable: antrian
#0 C:\xampp\htdocs\UAS\sistem_antrian\ci4\app\Views\loket\ambil_loket.php(32): CodeIgniter\Debug\Exceptions->errorHandler(8, 'Undefined varia...', 'C:\\xampp\\htdocs...', 32, Array)
#1 C:\xampp\htdocs\UAS\sistem_antrian\ci4\system\View\View.php(210): include('C:\\xampp\\htdocs...')
#2 C:\xampp\htdocs\UAS\sistem_antrian\ci4\system\View\View.php(213): CodeIgniter\View\View->CodeIgniter\View\{closure}()
#3 C:\xampp\htdocs\UAS\sistem_antrian\ci4\system\Common.php(1089): CodeIgniter\View\View->render('/loket/ambil_lo...', Array, true)
#4 C:\xampp\htdocs\UAS\sistem_antrian\ci4\app\Controllers\Loket.php(60): view('/loket/ambil_lo...', Array)
#5 C:\xampp\htdocs\UAS\sistem_antrian\ci4\system\CodeIgniter.php(832): App\Controllers\Loket->panggil('1')
#6 C:\xampp\htdocs\UAS\sistem_antrian\ci4\system\CodeIgniter.php(419): CodeIgniter\CodeIgniter->runController(Object(App\Controllers\Loket))
#7 C:\xampp\htdocs\UAS\sistem_antrian\ci4\system\CodeIgniter.php(326): CodeIgniter\CodeIgniter->handleRequest(NULL, Object(Config\Cache), false)
#8 C:\xampp\htdocs\UAS\sistem_antrian\ci4\public\index.php(37): CodeIgniter\CodeIgniter->run()
#9 C:\xampp\htdocs\UAS\sistem_antrian\ci4\system\Commands\Server\rewrite.php(43): require_once('C:\\xampp\\htdocs...')
#10 {main}
