ERROR - 2022-07-07 12:08:58 --> Error connecting to the database: Unknown database 'sistem_antrian'
CRITICAL - 2022-07-07 12:08:58 --> Unable to connect to the database.
Main connection [MySQLi]: Unknown database 'sistem_antrian'
#0 C:\Users\User\Downloads\goreng-master\system\Database\BaseConnection.php(577): CodeIgniter\Database\BaseConnection->initialize()
#1 C:\Users\User\Downloads\goreng-master\system\Database\BaseBuilder.php(1455): CodeIgniter\Database\BaseConnection->query('SELECT *\nFROM `...', Array, false)
#2 C:\Users\User\Downloads\goreng-master\system\Model.php(210): CodeIgniter\Database\BaseBuilder->get()
#3 C:\Users\User\Downloads\goreng-master\system\BaseModel.php(622): CodeIgniter\Model->doFirst()
#4 C:\Users\User\Downloads\goreng-master\app\Controllers\AuthController.php(14): CodeIgniter\BaseModel->first()
#5 C:\Users\User\Downloads\goreng-master\system\CodeIgniter.php(832): App\Controllers\AuthController->login()
#6 C:\Users\User\Downloads\goreng-master\system\CodeIgniter.php(419): CodeIgniter\CodeIgniter->runController(Object(App\Controllers\AuthController))
#7 C:\Users\User\Downloads\goreng-master\system\CodeIgniter.php(326): CodeIgniter\CodeIgniter->handleRequest(NULL, Object(Config\Cache), false)
#8 C:\Users\User\Downloads\goreng-master\public\index.php(37): CodeIgniter\CodeIgniter->run()
#9 C:\Users\User\Downloads\goreng-master\system\Commands\Server\rewrite.php(43): require_once('C:\\Users\\User\\D...')
#10 {main}
ERROR - 2022-07-07 12:09:45 --> Error connecting to the database: Unknown database 'sistem_antrian'
CRITICAL - 2022-07-07 12:09:45 --> Unable to connect to the database.
Main connection [MySQLi]: Unknown database 'sistem_antrian'
#0 C:\Users\User\Downloads\goreng-master\system\Database\BaseConnection.php(577): CodeIgniter\Database\BaseConnection->initialize()
#1 C:\Users\User\Downloads\goreng-master\system\Database\BaseBuilder.php(1455): CodeIgniter\Database\BaseConnection->query('SELECT *\nFROM `...', Array, false)
#2 C:\Users\User\Downloads\goreng-master\system\Model.php(210): CodeIgniter\Database\BaseBuilder->get()
#3 C:\Users\User\Downloads\goreng-master\system\BaseModel.php(622): CodeIgniter\Model->doFirst()
#4 C:\Users\User\Downloads\goreng-master\app\Controllers\AuthController.php(14): CodeIgniter\BaseModel->first()
#5 C:\Users\User\Downloads\goreng-master\system\CodeIgniter.php(832): App\Controllers\AuthController->login()
#6 C:\Users\User\Downloads\goreng-master\system\CodeIgniter.php(419): CodeIgniter\CodeIgniter->runController(Object(App\Controllers\AuthController))
#7 C:\Users\User\Downloads\goreng-master\system\CodeIgniter.php(326): CodeIgniter\CodeIgniter->handleRequest(NULL, Object(Config\Cache), false)
#8 C:\Users\User\Downloads\goreng-master\public\index.php(37): CodeIgniter\CodeIgniter->run()
#9 C:\Users\User\Downloads\goreng-master\system\Commands\Server\rewrite.php(43): require_once('C:\\Users\\User\\D...')
#10 {main}
