ERROR - 2022-07-06 22:55:43 --> Cannot delete or update a parent row: a foreign key constraint fails (`sistem_antrian`.`antrian`, CONSTRAINT `antrian_ibfk_2` FOREIGN KEY (`loket_id`) REFERENCES `loket` (`id`))
CRITICAL - 2022-07-06 22:55:43 --> Cannot delete or update a parent row: a foreign key constraint fails (`sistem_antrian`.`antrian`, CONSTRAINT `antrian_ibfk_2` FOREIGN KEY (`loket_id`) REFERENCES `loket` (`id`))
#0 C:\xampp\htdocs\antri_master\system\Database\MySQLi\Connection.php(292): mysqli->query('DELETE FROM `lo...', 0)
#1 C:\xampp\htdocs\antri_master\system\Database\BaseConnection.php(670): CodeIgniter\Database\MySQLi\Connection->execute('DELETE FROM `lo...')
#2 C:\xampp\htdocs\antri_master\system\Database\BaseConnection.php(598): CodeIgniter\Database\BaseConnection->simpleQuery('DELETE FROM `lo...')
#3 C:\xampp\htdocs\antri_master\system\Database\BaseBuilder.php(2225): CodeIgniter\Database\BaseConnection->query('DELETE FROM `lo...', Array, false)
#4 C:\xampp\htdocs\antri_master\system\Model.php(359): CodeIgniter\Database\BaseBuilder->delete()
#5 C:\xampp\htdocs\antri_master\system\BaseModel.php(963): CodeIgniter\Model->doDelete(Array, false)
#6 C:\xampp\htdocs\antri_master\app\Controllers\Loket.php(50): CodeIgniter\BaseModel->delete(Array)
#7 C:\xampp\htdocs\antri_master\system\CodeIgniter.php(832): App\Controllers\Loket->delete('1')
#8 C:\xampp\htdocs\antri_master\system\CodeIgniter.php(419): CodeIgniter\CodeIgniter->runController(Object(App\Controllers\Loket))
#9 C:\xampp\htdocs\antri_master\system\CodeIgniter.php(326): CodeIgniter\CodeIgniter->handleRequest(NULL, Object(Config\Cache), false)
#10 C:\xampp\htdocs\antri_master\public\index.php(37): CodeIgniter\CodeIgniter->run()
#11 C:\xampp\htdocs\antri_master\system\Commands\Server\rewrite.php(43): require_once('C:\\xampp\\htdocs...')
#12 {main}
ERROR - 2022-07-06 23:07:28 --> Cannot delete or update a parent row: a foreign key constraint fails (`sistem_antrian`.`antrian`, CONSTRAINT `antrian_ibfk_2` FOREIGN KEY (`loket_id`) REFERENCES `loket` (`id`))
CRITICAL - 2022-07-06 23:07:28 --> Cannot delete or update a parent row: a foreign key constraint fails (`sistem_antrian`.`antrian`, CONSTRAINT `antrian_ibfk_2` FOREIGN KEY (`loket_id`) REFERENCES `loket` (`id`))
#0 C:\xampp\htdocs\antri_master\system\Database\MySQLi\Connection.php(292): mysqli->query('DELETE FROM `lo...', 0)
#1 C:\xampp\htdocs\antri_master\system\Database\BaseConnection.php(670): CodeIgniter\Database\MySQLi\Connection->execute('DELETE FROM `lo...')
#2 C:\xampp\htdocs\antri_master\system\Database\BaseConnection.php(598): CodeIgniter\Database\BaseConnection->simpleQuery('DELETE FROM `lo...')
#3 C:\xampp\htdocs\antri_master\system\Database\BaseBuilder.php(2225): CodeIgniter\Database\BaseConnection->query('DELETE FROM `lo...', Array, false)
#4 C:\xampp\htdocs\antri_master\system\Model.php(359): CodeIgniter\Database\BaseBuilder->delete()
#5 C:\xampp\htdocs\antri_master\system\BaseModel.php(963): CodeIgniter\Model->doDelete(Array, false)
#6 C:\xampp\htdocs\antri_master\app\Controllers\Loket.php(50): CodeIgniter\BaseModel->delete(Array)
#7 C:\xampp\htdocs\antri_master\system\CodeIgniter.php(832): App\Controllers\Loket->delete('1')
#8 C:\xampp\htdocs\antri_master\system\CodeIgniter.php(419): CodeIgniter\CodeIgniter->runController(Object(App\Controllers\Loket))
#9 C:\xampp\htdocs\antri_master\system\CodeIgniter.php(326): CodeIgniter\CodeIgniter->handleRequest(NULL, Object(Config\Cache), false)
#10 C:\xampp\htdocs\antri_master\public\index.php(37): CodeIgniter\CodeIgniter->run()
#11 C:\xampp\htdocs\antri_master\system\Commands\Server\rewrite.php(43): require_once('C:\\xampp\\htdocs...')
#12 {main}
ERROR - 2022-07-06 23:15:21 --> Cannot delete or update a parent row: a foreign key constraint fails (`sistem_antrian`.`antrian`, CONSTRAINT `antrian_ibfk_2` FOREIGN KEY (`loket_id`) REFERENCES `loket` (`id`))
CRITICAL - 2022-07-06 23:15:21 --> Cannot delete or update a parent row: a foreign key constraint fails (`sistem_antrian`.`antrian`, CONSTRAINT `antrian_ibfk_2` FOREIGN KEY (`loket_id`) REFERENCES `loket` (`id`))
#0 C:\xampp\htdocs\antri_master\system\Database\MySQLi\Connection.php(292): mysqli->query('DELETE FROM `lo...', 0)
#1 C:\xampp\htdocs\antri_master\system\Database\BaseConnection.php(670): CodeIgniter\Database\MySQLi\Connection->execute('DELETE FROM `lo...')
#2 C:\xampp\htdocs\antri_master\system\Database\BaseConnection.php(598): CodeIgniter\Database\BaseConnection->simpleQuery('DELETE FROM `lo...')
#3 C:\xampp\htdocs\antri_master\system\Database\BaseBuilder.php(2225): CodeIgniter\Database\BaseConnection->query('DELETE FROM `lo...', Array, false)
#4 C:\xampp\htdocs\antri_master\system\Model.php(359): CodeIgniter\Database\BaseBuilder->delete()
#5 C:\xampp\htdocs\antri_master\system\BaseModel.php(963): CodeIgniter\Model->doDelete(Array, false)
#6 C:\xampp\htdocs\antri_master\app\Controllers\Loket.php(50): CodeIgniter\BaseModel->delete(Array)
#7 C:\xampp\htdocs\antri_master\system\CodeIgniter.php(832): App\Controllers\Loket->delete('1')
#8 C:\xampp\htdocs\antri_master\system\CodeIgniter.php(419): CodeIgniter\CodeIgniter->runController(Object(App\Controllers\Loket))
#9 C:\xampp\htdocs\antri_master\system\CodeIgniter.php(326): CodeIgniter\CodeIgniter->handleRequest(NULL, Object(Config\Cache), false)
#10 C:\xampp\htdocs\antri_master\public\index.php(37): CodeIgniter\CodeIgniter->run()
#11 C:\xampp\htdocs\antri_master\system\Commands\Server\rewrite.php(43): require_once('C:\\xampp\\htdocs...')
#12 {main}
ERROR - 2022-07-06 23:27:35 --> Cannot delete or update a parent row: a foreign key constraint fails (`sistem_antrian`.`antrian`, CONSTRAINT `antrian_ibfk_2` FOREIGN KEY (`loket_id`) REFERENCES `loket` (`id`))
CRITICAL - 2022-07-06 23:27:35 --> Cannot delete or update a parent row: a foreign key constraint fails (`sistem_antrian`.`antrian`, CONSTRAINT `antrian_ibfk_2` FOREIGN KEY (`loket_id`) REFERENCES `loket` (`id`))
#0 C:\xampp\htdocs\antri_master\system\Database\MySQLi\Connection.php(292): mysqli->query('DELETE FROM `lo...', 0)
#1 C:\xampp\htdocs\antri_master\system\Database\BaseConnection.php(670): CodeIgniter\Database\MySQLi\Connection->execute('DELETE FROM `lo...')
#2 C:\xampp\htdocs\antri_master\system\Database\BaseConnection.php(598): CodeIgniter\Database\BaseConnection->simpleQuery('DELETE FROM `lo...')
#3 C:\xampp\htdocs\antri_master\system\Database\BaseBuilder.php(2225): CodeIgniter\Database\BaseConnection->query('DELETE FROM `lo...', Array, false)
#4 C:\xampp\htdocs\antri_master\system\Model.php(359): CodeIgniter\Database\BaseBuilder->delete()
#5 C:\xampp\htdocs\antri_master\system\BaseModel.php(963): CodeIgniter\Model->doDelete(Array, false)
#6 C:\xampp\htdocs\antri_master\app\Controllers\Home.php(44): CodeIgniter\BaseModel->delete(Array)
#7 C:\xampp\htdocs\antri_master\system\CodeIgniter.php(832): App\Controllers\Home->delete('1')
#8 C:\xampp\htdocs\antri_master\system\CodeIgniter.php(419): CodeIgniter\CodeIgniter->runController(Object(App\Controllers\Home))
#9 C:\xampp\htdocs\antri_master\system\CodeIgniter.php(326): CodeIgniter\CodeIgniter->handleRequest(NULL, Object(Config\Cache), false)
#10 C:\xampp\htdocs\antri_master\public\index.php(37): CodeIgniter\CodeIgniter->run()
#11 C:\xampp\htdocs\antri_master\system\Commands\Server\rewrite.php(43): require_once('C:\\xampp\\htdocs...')
#12 {main}
